Flutter crash report.
Please report a bug at https://github.com/flutter/flutter/issues.

## command

flutter run

## exception

FormatException: FormatException: Unexpected character (at character 1)
Failed to start the Dart CLI isolate. Could not resolve DartDev snapshot or...
^


```
#0      _ChunkedJsonParser.fail (dart:convert-patch/convert_patch.dart:1457:5)
#1      _ChunkedJsonParser.parseNumber (dart:convert-patch/convert_patch.dart:1324:9)
#2      _ChunkedJsonParser.parse (dart:convert-patch/convert_patch.dart:927:22)
#3      _JsonStringDecoderSink.addSlice (dart:convert-patch/convert_patch.dart:1544:13)
#4      _JsonStringDecoderSink.add (dart:convert-patch/convert_patch.dart:1549:5)
#5      _ConverterStreamEventSink.add (dart:convert/chunked_conversion.dart:69:18)
#6      _SinkTransformerStreamSubscription._handleData (dart:async/stream_transformers.dart:111:24)
#7      _rootRunUnary (dart:async/zone.dart:1422:47)
#8      _CustomZone.runUnary (dart:async/zone.dart:1324:19)
#9      _CustomZone.runUnaryGuarded (dart:async/zone.dart:1233:7)
#10     _BufferingStreamSubscription._sendData (dart:async/stream_impl.dart:366:11)
#11     _BufferingStreamSubscription._add (dart:async/stream_impl.dart:297:7)
#12     _SinkTransformerStreamSubscription._add (dart:async/stream_transformers.dart:63:11)
#13     _EventSinkWrapper.add (dart:async/stream_transformers.dart:13:11)
#14     _StringAdapterSink.add (dart:convert/string_conversion.dart:228:11)
#15     _StringAdapterSink.addSlice (dart:convert/string_conversion.dart:233:7)
#16     _Utf8ConversionSink.addSlice (dart:convert/string_conversion.dart:307:20)
#17     _Utf8ConversionSink.add (dart:convert/string_conversion.dart:300:5)
#18     _ConverterStreamEventSink.add (dart:convert/chunked_conversion.dart:69:18)
#19     _SinkTransformerStreamSubscription._handleData (dart:async/stream_transformers.dart:111:24)
#20     _rootRunUnary (dart:async/zone.dart:1422:47)
#21     _CustomZone.runUnary (dart:async/zone.dart:1324:19)
#22     _CustomZone.runUnaryGuarded (dart:async/zone.dart:1233:7)
#23     _BufferingStreamSubscription._sendData (dart:async/stream_impl.dart:366:11)
#24     _BufferingStreamSubscription._add (dart:async/stream_impl.dart:297:7)
#25     _SyncStreamControllerDispatch._sendData (dart:async/stream_controller.dart:777:19)
#26     _StreamController._add (dart:async/stream_controller.dart:651:7)
#27     _StreamController.add (dart:async/stream_controller.dart:606:5)
#28     _Socket._onData (dart:io-patch/socket_patch.dart:2455:41)
#29     _rootRunUnary (dart:async/zone.dart:1430:13)
#30     _CustomZone.runUnary (dart:async/zone.dart:1324:19)
#31     _CustomZone.runUnaryGuarded (dart:async/zone.dart:1233:7)
#32     _BufferingStreamSubscription._sendData (dart:async/stream_impl.dart:366:11)
#33     _BufferingStreamSubscription._add (dart:async/stream_impl.dart:297:7)
#34     _SyncStreamControllerDispatch._sendData (dart:async/stream_controller.dart:777:19)
#35     _StreamController._add (dart:async/stream_controller.dart:651:7)
#36     _StreamController.add (dart:async/stream_controller.dart:606:5)
#37     new _RawSocket.<anonymous closure> (dart:io-patch/socket_patch.dart:1942:33)
#38     _NativeSocket.issueReadEvent.issue (dart:io-patch/socket_patch.dart:1385:14)
#39     _microtaskLoop (dart:async/schedule_microtask.dart:40:21)
#40     _startMicrotaskLoop (dart:async/schedule_microtask.dart:49:5)
#41     _runPendingImmediateCallback (dart:isolate-patch/isolate_patch.dart:118:13)
#42     _RawReceivePort._handleMessage (dart:isolate-patch/isolate_patch.dart:185:5)
```

## flutter doctor

```
[33m[!][39m Flutter (Channel [user-branch], 3.27.1, on macOS 15.5 24F74 darwin-arm64, locale en-US)
    [33m![39m Flutter version 3.27.1 on channel [user-branch] at /Users/user/Documents/flutter
      Currently on an unknown channel. Run `flutter channel` to switch to an official channel.
      If that doesn't fix the issue, reinstall Flutter by following instructions at https://flutter.dev/setup.
    [33m![39m Upstream repository unknown source is not a standard remote.
      Set environment variable "FLUTTER_GIT_URL" to unknown source to dismiss this error.
    [32m•[39m Framework revision 17025dd882 (1 year, 2 months ago), 2024-12-17 03:23:09 +0900
    [32m•[39m Engine revision cb4b5fff73
    [32m•[39m Dart version 3.6.0
    [32m•[39m DevTools version 2.40.2
    [32m•[39m If those were intentional, you can disregard the above warnings; however it is recommended to use "git" directly to perform update checks and upgrades.

[33m[!][39m Android toolchain - develop for Android devices (Android SDK version 35.0.0)
    [32m•[39m Android SDK at /Users/user/Library/Android/sdk
    [32m•[39m Platform android-36, build-tools 35.0.0
    [32m•[39m Java binary at: /Applications/Android Studio.app/Contents/jbr/Contents/Home/bin/java
    [32m•[39m Java version OpenJDK Runtime Environment (build 17.0.10+0-17.0.10b1087.21-11609105)
    [33m![39m Some Android licenses not accepted. To resolve this, run: flutter doctor --android-licenses

[32m[✓][39m Xcode - develop for iOS and macOS (Xcode 16.2)
    [32m•[39m Xcode at /Applications/Xcode.app/Contents/Developer
    [32m•[39m Build 16C5032a
    [32m•[39m CocoaPods version 1.16.2

[32m[✓][39m Chrome - develop for the web
    [32m•[39m Chrome at /Applications/Google Chrome.app/Contents/MacOS/Google Chrome

[32m[✓][39m Android Studio (version 2024.1)
    [32m•[39m Android Studio at /Applications/Android Studio.app/Contents
    [32m•[39m Flutter plugin can be installed from:
      🔨 https://plugins.jetbrains.com/plugin/9212-flutter
    [32m•[39m Dart plugin can be installed from:
      🔨 https://plugins.jetbrains.com/plugin/6351-dart
    [32m•[39m Java version OpenJDK Runtime Environment (build 17.0.10+0-17.0.10b1087.21-11609105)

[32m[✓][39m VS Code (version 1.109.0)
    [32m•[39m VS Code at /Applications/Visual Studio Code 2.app/Contents
    [32m•[39m Flutter extension version 3.128.0

[32m[✓][39m Connected device (6 available)
    [32m•[39m SM A057F (mobile)               • R7AWC00H72X                          • android-arm64  • Android 15 (API 35)
    [32m•[39m Fatima💗 (mobile)               • 00008110-000631401481401E            • ios            • iOS 26.2.1 23C71
    [32m•[39m iPhone 15 Pro (mobile)          • 46B218A9-AC32-4341-9D1E-5937D716E968 • ios            • com.apple.CoreSimulator.SimRuntime.iOS-17-5 (simulator)
    [32m•[39m macOS (desktop)                 • macos                                • darwin-arm64   • macOS 15.5 24F74 darwin-arm64
    [32m•[39m Mac Designed for iPad (desktop) • mac-designed-for-ipad                • darwin         • macOS 15.5 24F74 darwin-arm64
    [32m•[39m Chrome (web)                    • chrome                               • web-javascript • Google Chrome 144.0.7559.133
    [33m![39m Error: Browsing on the local area network for XR iPhone. Ensure the device is unlocked and attached with a cable or associated with the same local area network as this
      Mac.
      The device must be opted into Developer Mode to connect wirelessly. (code -27)
    [33m![39m Error: Browsing on the local area network for iPhone. Ensure the device is unlocked and attached with a cable or associated with the same local area network as this Mac.
      The device must be opted into Developer Mode to connect wirelessly. (code -27)
    [33m![39m Error: Browsing on the local area network for iPhone. Ensure the device is unlocked and attached with a cable or associated with the same local area network as this Mac.
      The device must be opted into Developer Mode to connect wirelessly. (code -27)
    [33m![39m Error: Browsing on the local area network for Moe h. Ensure the device is unlocked and attached with a cable or associated with the same local area network as this Mac.
      The device must be opted into Developer Mode to connect wirelessly. (code -27)
    [33m![39m Error: Browsing on the local area network for Mahdi. Ensure the device is unlocked and attached with a cable or associated with the same local area network as this Mac.
      The device must be opted into Developer Mode to connect wirelessly. (code -27)
    [33m![39m Error: Browsing on the local area network for iPhone 13 pro. Ensure the device is unlocked and attached with a cable or associated with the same local area network as this
      Mac.
      The device must be opted into Developer Mode to connect wirelessly. (code -27)
    [33m![39m Error: Browsing on the local area network for iPhone. Ensure the device is unlocked and attached with a cable or associated with the same local area network as this Mac.
      The device must be opted into Developer Mode to connect wirelessly. (code -27)
    [33m![39m Error: Browsing on the local area network for Dina's iphone. Ensure the device is unlocked and attached with a cable or associated with the same local area network as this
      Mac.
      The device must be opted into Developer Mode to connect wirelessly. (code -27)
    [33m![39m Error: Browsing on the local area network for iPhone 13 pro. Ensure the device is unlocked and attached with a cable or associated with the same local area network as this
      Mac.
      The device must be opted into Developer Mode to connect wirelessly. (code -27)
    [33m![39m Error: Browsing on the local area network for Ali’s iPhone. Ensure the device is unlocked and attached with a cable or associated with the same local area network as this
      Mac.
      The device must be opted into Developer Mode to connect wirelessly. (code -27)
    [33m![39m Error: Browsing on the local area network for Mohamad’s iPad. Ensure the device is unlocked and attached with a cable or associated with the same local area network as
      this Mac.
      The device must be opted into Developer Mode to connect wirelessly. (code -27)

[32m[✓][39m Network resources
    [32m•[39m All expected network resources are available.

[33m![39m Doctor found issues in 2 categories.
```
